0 info it worked if it ends with ok
1 verbose cli [ 'C:\\Program Files\\nodejs\\node.exe',
1 verbose cli   'C:\\Users\\Obias\\AppData\\Roaming\\npm\\node_modules\\npm\\bin\\npm-cli.js',
1 verbose cli   'install',
1 verbose cli   '--save-dev',
1 verbose cli   'browserify@11.0.1',
1 verbose cli   'reactify@1.1.1',
1 verbose cli   'viny-source-stream@1.1.0' ]
2 info using npm@3.10.5
3 info using node@v6.2.0
4 silly loadCurrentTree Starting
5 silly install loadCurrentTree
6 silly install readLocalPackageData
7 silly fetchPackageMetaData browserify@11.0.1
8 silly fetchPackageMetaData reactify@1.1.1
9 silly fetchPackageMetaData viny-source-stream@1.1.0
10 silly fetchNamedPackageData browserify
11 silly mapToRegistry name browserify
12 silly mapToRegistry using default registry
13 silly mapToRegistry registry https://registry.npmjs.org/
14 silly mapToRegistry data Result {
14 silly mapToRegistry   raw: 'browserify',
14 silly mapToRegistry   scope: null,
14 silly mapToRegistry   escapedName: 'browserify',
14 silly mapToRegistry   name: 'browserify',
14 silly mapToRegistry   rawSpec: '',
14 silly mapToRegistry   spec: 'latest',
14 silly mapToRegistry   type: 'tag' }
15 silly mapToRegistry uri https://registry.npmjs.org/browserify
16 silly fetchNamedPackageData reactify
17 silly mapToRegistry name reactify
18 silly mapToRegistry using default registry
19 silly mapToRegistry registry https://registry.npmjs.org/
20 silly mapToRegistry data Result {
20 silly mapToRegistry   raw: 'reactify',
20 silly mapToRegistry   scope: null,
20 silly mapToRegistry   escapedName: 'reactify',
20 silly mapToRegistry   name: 'reactify',
20 silly mapToRegistry   rawSpec: '',
20 silly mapToRegistry   spec: 'latest',
20 silly mapToRegistry   type: 'tag' }
21 silly mapToRegistry uri https://registry.npmjs.org/reactify
22 silly fetchNamedPackageData viny-source-stream
23 silly mapToRegistry name viny-source-stream
24 silly mapToRegistry using default registry
25 silly mapToRegistry registry https://registry.npmjs.org/
26 silly mapToRegistry data Result {
26 silly mapToRegistry   raw: 'viny-source-stream',
26 silly mapToRegistry   scope: null,
26 silly mapToRegistry   escapedName: 'viny-source-stream',
26 silly mapToRegistry   name: 'viny-source-stream',
26 silly mapToRegistry   rawSpec: '',
26 silly mapToRegistry   spec: 'latest',
26 silly mapToRegistry   type: 'tag' }
27 silly mapToRegistry uri https://registry.npmjs.org/viny-source-stream
28 verbose request uri https://registry.npmjs.org/reactify
29 verbose request no auth needed
30 info attempt registry request try #1 at 7:36:20 AM
31 verbose request using bearer token for auth
32 verbose request id af3f56fd177e1ad4
33 http request GET https://registry.npmjs.org/reactify
34 verbose request uri https://registry.npmjs.org/viny-source-stream
35 verbose request no auth needed
36 info attempt registry request try #1 at 7:36:20 AM
37 verbose request using bearer token for auth
38 http request GET https://registry.npmjs.org/viny-source-stream
39 verbose request uri https://registry.npmjs.org/browserify
40 verbose request no auth needed
41 info attempt registry request try #1 at 7:36:20 AM
42 verbose request using bearer token for auth
43 verbose etag "6J5670Y5R4XLHYDLMQI68UV6K"
44 http request GET https://registry.npmjs.org/browserify
45 http 404 https://registry.npmjs.org/viny-source-stream
46 verbose headers { 'content-type': 'application/json',
46 verbose headers   'cache-control': 'max-age=0',
46 verbose headers   'content-length': '2',
46 verbose headers   'accept-ranges': 'bytes',
46 verbose headers   date: 'Wed, 17 Aug 2016 00:36:21 GMT',
46 verbose headers   via: '1.1 varnish',
46 verbose headers   connection: 'keep-alive',
46 verbose headers   'x-served-by': 'cache-sin6927-SIN',
46 verbose headers   'x-cache': 'MISS',
46 verbose headers   'x-cache-hits': '0',
46 verbose headers   'x-timer': 'S1471394180.944036,VS0,VE273',
46 verbose headers   vary: 'Accept-Encoding' }
47 silly get cb [ 404,
47 silly get   { 'content-type': 'application/json',
47 silly get     'cache-control': 'max-age=0',
47 silly get     'content-length': '2',
47 silly get     'accept-ranges': 'bytes',
47 silly get     date: 'Wed, 17 Aug 2016 00:36:21 GMT',
47 silly get     via: '1.1 varnish',
47 silly get     connection: 'keep-alive',
47 silly get     'x-served-by': 'cache-sin6927-SIN',
47 silly get     'x-cache': 'MISS',
47 silly get     'x-cache-hits': '0',
47 silly get     'x-timer': 'S1471394180.944036,VS0,VE273',
47 silly get     vary: 'Accept-Encoding' } ]
48 silly fetchPackageMetaData Error: Registry returned 404 for GET on https://registry.npmjs.org/viny-source-stream
48 silly fetchPackageMetaData     at makeError (C:\Users\Obias\AppData\Roaming\npm\node_modules\npm\node_modules\npm-registry-client\lib\request.js:264:12)
48 silly fetchPackageMetaData     at CachingRegistryClient.<anonymous> (C:\Users\Obias\AppData\Roaming\npm\node_modules\npm\node_modules\npm-registry-client\lib\request.js:242:14)
48 silly fetchPackageMetaData     at Request._callback (C:\Users\Obias\AppData\Roaming\npm\node_modules\npm\node_modules\npm-registry-client\lib\request.js:172:14)
48 silly fetchPackageMetaData     at Request.self.callback (C:\Users\Obias\AppData\Roaming\npm\node_modules\npm\node_modules\request\request.js:200:22)
48 silly fetchPackageMetaData     at emitTwo (events.js:106:13)
48 silly fetchPackageMetaData     at Request.emit (events.js:191:7)
48 silly fetchPackageMetaData     at Request.<anonymous> (C:\Users\Obias\AppData\Roaming\npm\node_modules\npm\node_modules\request\request.js:1067:10)
48 silly fetchPackageMetaData     at emitOne (events.js:101:20)
48 silly fetchPackageMetaData     at Request.emit (events.js:188:7)
48 silly fetchPackageMetaData     at IncomingMessage.<anonymous> (C:\Users\Obias\AppData\Roaming\npm\node_modules\npm\node_modules\request\request.js:988:12)
48 silly fetchPackageMetaData  error for viny-source-stream@1.1.0 { Error: Registry returned 404 for GET on https://registry.npmjs.org/viny-source-stream
48 silly fetchPackageMetaData     at makeError (C:\Users\Obias\AppData\Roaming\npm\node_modules\npm\node_modules\npm-registry-client\lib\request.js:264:12)
48 silly fetchPackageMetaData     at CachingRegistryClient.<anonymous> (C:\Users\Obias\AppData\Roaming\npm\node_modules\npm\node_modules\npm-registry-client\lib\request.js:242:14)
48 silly fetchPackageMetaData     at Request._callback (C:\Users\Obias\AppData\Roaming\npm\node_modules\npm\node_modules\npm-registry-client\lib\request.js:172:14)
48 silly fetchPackageMetaData     at Request.self.callback (C:\Users\Obias\AppData\Roaming\npm\node_modules\npm\node_modules\request\request.js:200:22)
48 silly fetchPackageMetaData     at emitTwo (events.js:106:13)
48 silly fetchPackageMetaData     at Request.emit (events.js:191:7)
48 silly fetchPackageMetaData     at Request.<anonymous> (C:\Users\Obias\AppData\Roaming\npm\node_modules\npm\node_modules\request\request.js:1067:10)
48 silly fetchPackageMetaData     at emitOne (events.js:101:20)
48 silly fetchPackageMetaData     at Request.emit (events.js:188:7)
48 silly fetchPackageMetaData     at IncomingMessage.<anonymous> (C:\Users\Obias\AppData\Roaming\npm\node_modules\npm\node_modules\request\request.js:988:12) pkgid: 'viny-source-stream', statusCode: 404, code: 'E404' }
49 http 200 https://registry.npmjs.org/reactify
50 verbose headers { server: 'CouchDB/1.5.0 (Erlang OTP/R16B03)',
50 verbose headers   etag: '"CXU37TDSHAJJU43X3EH9LTBR5"',
50 verbose headers   'content-type': 'application/json',
50 verbose headers   'content-encoding': 'gzip',
50 verbose headers   'cache-control': 'max-age=300',
50 verbose headers   'transfer-encoding': 'chunked',
50 verbose headers   'accept-ranges': 'bytes',
50 verbose headers   date: 'Wed, 17 Aug 2016 00:36:21 GMT',
50 verbose headers   via: '1.1 varnish',
50 verbose headers   connection: 'keep-alive',
50 verbose headers   'x-served-by': 'cache-sin6922-SIN',
50 verbose headers   'x-cache': 'MISS',
50 verbose headers   'x-cache-hits': '0',
50 verbose headers   'x-timer': 'S1471394180.945043,VS0,VE286',
50 verbose headers   vary: 'Accept-Encoding' }
51 silly get cb [ 200,
51 silly get   { server: 'CouchDB/1.5.0 (Erlang OTP/R16B03)',
51 silly get     etag: '"CXU37TDSHAJJU43X3EH9LTBR5"',
51 silly get     'content-type': 'application/json',
51 silly get     'content-encoding': 'gzip',
51 silly get     'cache-control': 'max-age=300',
51 silly get     'transfer-encoding': 'chunked',
51 silly get     'accept-ranges': 'bytes',
51 silly get     date: 'Wed, 17 Aug 2016 00:36:21 GMT',
51 silly get     via: '1.1 varnish',
51 silly get     connection: 'keep-alive',
51 silly get     'x-served-by': 'cache-sin6922-SIN',
51 silly get     'x-cache': 'MISS',
51 silly get     'x-cache-hits': '0',
51 silly get     'x-timer': 'S1471394180.945043,VS0,VE286',
51 silly get     vary: 'Accept-Encoding' } ]
52 verbose get saving reactify to C:\Users\Obias\AppData\Roaming\npm-cache\registry.npmjs.org\reactify\.cache.json
53 verbose correctMkdir C:\Users\Obias\AppData\Roaming\npm-cache correctMkdir not in flight; initializing
54 http 200 https://registry.npmjs.org/browserify
55 verbose headers { server: 'CouchDB/1.5.0 (Erlang OTP/R16B03)',
55 verbose headers   etag: '"AI68AEH2G7SS1ZSPVH7TFCY21"',
55 verbose headers   'content-type': 'application/json',
55 verbose headers   'content-encoding': 'gzip',
55 verbose headers   'cache-control': 'max-age=300',
55 verbose headers   'transfer-encoding': 'chunked',
55 verbose headers   'accept-ranges': 'bytes',
55 verbose headers   date: 'Wed, 17 Aug 2016 00:36:22 GMT',
55 verbose headers   via: '1.1 varnish',
55 verbose headers   connection: 'keep-alive',
55 verbose headers   'x-served-by': 'cache-sin6920-SIN',
55 verbose headers   'x-cache': 'MISS',
55 verbose headers   'x-cache-hits': '0',
55 verbose headers   'x-timer': 'S1471394180.945768,VS0,VE1309',
55 verbose headers   vary: 'Accept-Encoding' }
56 silly get cb [ 200,
56 silly get   { server: 'CouchDB/1.5.0 (Erlang OTP/R16B03)',
56 silly get     etag: '"AI68AEH2G7SS1ZSPVH7TFCY21"',
56 silly get     'content-type': 'application/json',
56 silly get     'content-encoding': 'gzip',
56 silly get     'cache-control': 'max-age=300',
56 silly get     'transfer-encoding': 'chunked',
56 silly get     'accept-ranges': 'bytes',
56 silly get     date: 'Wed, 17 Aug 2016 00:36:22 GMT',
56 silly get     via: '1.1 varnish',
56 silly get     connection: 'keep-alive',
56 silly get     'x-served-by': 'cache-sin6920-SIN',
56 silly get     'x-cache': 'MISS',
56 silly get     'x-cache-hits': '0',
56 silly get     'x-timer': 'S1471394180.945768,VS0,VE1309',
56 silly get     vary: 'Accept-Encoding' } ]
57 verbose get saving browserify to C:\Users\Obias\AppData\Roaming\npm-cache\registry.npmjs.org\browserify\.cache.json
58 verbose correctMkdir C:\Users\Obias\AppData\Roaming\npm-cache correctMkdir not in flight; initializing
59 silly rollbackFailedOptional Starting
60 silly rollbackFailedOptional Finishing
61 silly runTopLevelLifecycles Starting
62 silly runTopLevelLifecycles Finishing
63 silly install printInstalled
64 verbose stack Error: Registry returned 404 for GET on https://registry.npmjs.org/viny-source-stream
64 verbose stack     at makeError (C:\Users\Obias\AppData\Roaming\npm\node_modules\npm\node_modules\npm-registry-client\lib\request.js:264:12)
64 verbose stack     at CachingRegistryClient.<anonymous> (C:\Users\Obias\AppData\Roaming\npm\node_modules\npm\node_modules\npm-registry-client\lib\request.js:242:14)
64 verbose stack     at Request._callback (C:\Users\Obias\AppData\Roaming\npm\node_modules\npm\node_modules\npm-registry-client\lib\request.js:172:14)
64 verbose stack     at Request.self.callback (C:\Users\Obias\AppData\Roaming\npm\node_modules\npm\node_modules\request\request.js:200:22)
64 verbose stack     at emitTwo (events.js:106:13)
64 verbose stack     at Request.emit (events.js:191:7)
64 verbose stack     at Request.<anonymous> (C:\Users\Obias\AppData\Roaming\npm\node_modules\npm\node_modules\request\request.js:1067:10)
64 verbose stack     at emitOne (events.js:101:20)
64 verbose stack     at Request.emit (events.js:188:7)
64 verbose stack     at IncomingMessage.<anonymous> (C:\Users\Obias\AppData\Roaming\npm\node_modules\npm\node_modules\request\request.js:988:12)
65 verbose statusCode 404
66 verbose pkgid viny-source-stream
67 verbose cwd D:\ReactWorkspace\demoWithGulp\src
68 error Windows_NT 6.2.9200
69 error argv "C:\\Program Files\\nodejs\\node.exe" "C:\\Users\\Obias\\AppData\\Roaming\\npm\\node_modules\\npm\\bin\\npm-cli.js" "install" "--save-dev" "browserify@11.0.1" "reactify@1.1.1" "viny-source-stream@1.1.0"
70 error node v6.2.0
71 error npm  v3.10.5
72 error code E404
73 error 404 Registry returned 404 for GET on https://registry.npmjs.org/viny-source-stream
74 error 404
75 error 404 'viny-source-stream' is not in the npm registry.
76 error 404 You should bug the author to publish it (or use the name yourself!)
77 error 404 Note that you can also install from a
78 error 404 tarball, folder, http url, or git url.
79 verbose exit [ 1, true ]
